<?xml version="1.0" encoding="UTF-8"?>
<coverage generated="1531165538045" clover="3.2.0">
  <project timestamp="1531165538045" name="All files">
    <metrics statements="12" coveredstatements="1" conditionals="2" coveredconditionals="0" methods="4" coveredmethods="0" elements="18" coveredelements="1" complexity="0" loc="12" ncloc="12" packages="1" files="2" classes="2">
      <file name="AuthService.js" path="/Users/michaelcortez/Desktop/hack-reactor/tutor-stream/client/src/Auth/AuthService.js">
        <metrics statements="5" coveredstatements="1" conditionals="0" coveredconditionals="0" methods="0" coveredmethods="0"/>
        <line num="1" count="1" type="stmt"/>
        <line num="4" count="0" type="stmt"/>
        <line num="5" count="0" type="stmt"/>
        <line num="8" count="0" type="stmt"/>
        <line num="9" count="0" type="stmt"/>
      </file>
      <file name="AuthStatus.js" path="/Users/michaelcortez/Desktop/hack-reactor/tutor-stream/client/src/Auth/AuthStatus.js">
        <metrics statements="7" coveredstatements="0" conditionals="2" coveredconditionals="0" methods="4" coveredmethods="0"/>
        <line num="1" count="0" type="stmt"/>
        <line num="2" count="0" type="stmt"/>
        <line num="3" count="0" type="stmt"/>
        <line num="4" count="0" type="stmt"/>
        <line num="6" count="0" type="stmt"/>
        <line num="9" count="0" type="stmt"/>
        <line num="12" count="0" type="stmt"/>
      </file>
    </metrics>
  </project>
</coverage>
