{"/Users/michaelcortez/Desktop/hack-reactor/tutor-stream/client/src/Auth/AuthService.js": {"path":"/Users/michaelcortez/Desktop/hack-reactor/tutor-stream/client/src/Auth/AuthService.js","statementMap":{"0":{"start":{"line":1,"column":20},"end":{"line":11,"column":1}},"1":{"start":{"line":4,"column":6},"end":{"line":4,"column":33}},"2":{"start":{"line":5,"column":6},"end":{"line":5,"column":25}},"3":{"start":{"line":8,"column":6},"end":{"line":8,"column":34}},"4":{"start":{"line":9,"column":6},"end":{"line":9,"column":26}}},"fnMap":{},"branchMap":{},"s":{"0":1,"1":0,"2":0,"3":0,"4":0},"f":{},"b":{},"_coverageSchema":"332fd63041d2c1bcb487cc26dd0d5f7d97098a6c","hash":"a23718b77972860d6c35de54f43d972bf60c79bb"}
,"/Users/michaelcortez/Desktop/hack-reactor/tutor-stream/client/src/Auth/AuthStatus.js": {"path":"/Users/michaelcortez/Desktop/hack-reactor/tutor-stream/client/src/Auth/AuthStatus.js","statementMap":{"0":{"start":{"line":1,"column":0},"end":{"line":null,"column":-1}},"1":{"start":{"line":2,"column":0},"end":{"line":null,"column":-1}},"2":{"start":{"line":3,"column":0},"end":{"line":null,"column":-1}},"3":{"start":{"line":4,"column":0},"end":{"line":null,"column":-1}},"4":{"start":{"line":6,"column":19},"end":{"line":6,"column":0}},"5":{"start":{"line":6,"column":30},"end":{"line":6,"column":29}},"6":{"start":{"line":6,"column":30},"end":{"line":null,"column":-1}},"7":{"start":{"line":9,"column":10},"end":{"line":null,"column":-1}},"8":{"start":{"line":9,"column":29},"end":{"line":null,"column":-1}},"9":{"start":{"line":12,"column":24},"end":{"line":null,"column":-1}}},"fnMap":{"0":{"name":"(anonymous_1)","decl":{"start":{"line":6,"column":30},"end":{"line":null,"column":-1}},"loc":{"start":{"line":6,"column":30},"end":{"line":6,"column":19}}},"1":{"name":"onClick","decl":{"start":{"line":8,"column":24},"end":{"line":8,"column":29}},"loc":{"start":{"line":8,"column":30},"end":{"line":8,"column":6}}},"2":{"name":"(anonymous_3)","decl":{"start":{"line":9,"column":29},"end":{"line":null,"column":-1}},"loc":{"start":{"line":9,"column":29},"end":{"line":9,"column":10}}},"3":{"name":"onClick","decl":{"start":{"line":12,"column":24},"end":{"line":null,"column":-1}},"loc":{"start":{"line":12,"column":24},"end":{"line":12,"column":6}}}},"branchMap":{"0":{"loc":{"start":{"line":8,"column":6},"end":{"line":7,"column":4}},"type":"cond-expr","locations":[{"start":{"line":8,"column":6},"end":{"line":7,"column":4}},{"start":{"line":12,"column":6},"end":{"line":6,"column":30}}]}},"s":{"0":0,"1":0,"2":0,"3":0,"4":0,"5":0,"6":0,"7":0,"8":0,"9":0},"f":{"0":0,"1":0,"2":0,"3":0},"b":{"0":[0,0]}}
}
