TN:
SF:/Users/michaelcortez/Desktop/hack-reactor/tutor-stream/client/src/Auth/AuthService.js
FNF:0
FNH:0
DA:1,1
DA:4,0
DA:5,0
DA:8,0
DA:9,0
LF:5
LH:1
BRF:0
BRH:0
end_of_record
TN:
SF:/Users/michaelcortez/Desktop/hack-reactor/tutor-stream/client/src/Auth/AuthStatus.js
FN:6,(anonymous_1)
FN:8,onClick
FN:9,(anonymous_3)
FN:12,onClick
FNF:4
FNH:0
FNDA:0,(anonymous_1)
FNDA:0,onClick
FNDA:0,(anonymous_3)
FNDA:0,onClick
DA:1,0
DA:2,0
DA:3,0
DA:4,0
DA:6,0
DA:9,0
DA:12,0
LF:7
LH:0
BRDA:8,0,0,0
BRDA:8,0,1,0
BRF:2
BRH:0
end_of_record
